<?xml version="1.0" encoding="UTF-8"?>
<!-- Generated by org.testng.reporters.JUnitXMLReporter -->
<testsuite hostname="THAOTRUONG-MAR" name="Default test" tests="3" failures="0" timestamp="5 Feb 2020 06:35:58 GMT" time="0.025" errors="0">
  <testcase name="@BeforeTest beforeClass" time="0.0" classname="com.nopcommerce.payment.Level_13_DynamicPageElement">
    <failure type="org.testng.TestNGException" message="
Parameter &amp;apos;browser&amp;apos; is required by @Configuration on method beforeClass but has not been marked @Optional or defined
in C:\Users\THAOTRUONG-MAR\AppData\Local\Temp\testng-eclipse-1688884489\testng-customsuite.xml">
      <![CDATA[org.testng.TestNGException: 
Parameter 'browser' is required by @Configuration on method beforeClass but has not been marked @Optional or defined
in C:\Users\THAOTRUONG-MAR\AppData\Local\Temp\testng-eclipse-1688884489\testng-customsuite.xml
	at org.testng.internal.Parameters.createParameters(Parameters.java:155)
	at org.testng.internal.Parameters.createParameters(Parameters.java:355)
	at org.testng.internal.Parameters.createConfigurationParameters(Parameters.java:86)
	at org.testng.internal.Invoker.invokeConfigurations(Invoker.java:199)
	at org.testng.internal.Invoker.invokeConfigurations(Invoker.java:138)
	at org.testng.TestRunner.beforeRun(TestRunner.java:641)
	at org.testng.TestRunner.run(TestRunner.java:609)
	at org.testng.SuiteRunner.runTest(SuiteRunner.java:334)
	at org.testng.SuiteRunner.runSequentially(SuiteRunner.java:329)
	at org.testng.SuiteRunner.privateRun(SuiteRunner.java:291)
	at org.testng.SuiteRunner.run(SuiteRunner.java:240)
	at org.testng.SuiteRunnerWorker.runSuite(SuiteRunnerWorker.java:52)
	at org.testng.SuiteRunnerWorker.run(SuiteRunnerWorker.java:86)
	at org.testng.TestNG.runSuitesSequentially(TestNG.java:1198)
	at org.testng.TestNG.runSuitesLocally(TestNG.java:1123)
	at org.testng.TestNG.run(TestNG.java:1031)
	at org.testng.remote.AbstractRemoteTestNG.run(AbstractRemoteTestNG.java:115)
	at org.testng.remote.RemoteTestNG.initAndRun(RemoteTestNG.java:251)
	at org.testng.remote.RemoteTestNG.main(RemoteTestNG.java:77)
]]>
    </failure>
  </testcase> <!-- @BeforeTest beforeClass -->
  <testcase name="@AfterClass quit" time="0.0" classname="com.nopcommerce.payment.Level_13_DynamicPageElement">
    <skipped/>
  </testcase> <!-- @AfterClass quit -->
  <testcase name="TC_01_Validate" time="0.004" classname="com.nopcommerce.payment.Level_13_DynamicPageElement">
    <skipped/>
  </testcase> <!-- TC_01_Validate -->
  <testcase name="TC_02_Register" time="0.001" classname="com.nopcommerce.payment.Level_13_DynamicPageElement">
    <skipped/>
  </testcase> <!-- TC_02_Register -->
  <testcase name="TC_03_Login" time="0.001" classname="com.nopcommerce.payment.Level_13_DynamicPageElement">
    <skipped/>
  </testcase> <!-- TC_03_Login -->
</testsuite> <!-- Default test -->
